# JRE version: Java(TM) SE Runtime Environment (22.0.1+8) (build 22.0.1+8-16)
# Java VM: Java HotSpot(TM) 64-Bit Server VM (22.0.1+8-16, mixed mode, sharing, tiered, compressed oops, compressed class ptrs, g1 gc, windows-amd64)
GC Precious Log:
 CardTable entry size: 512
 Card Set container configuration: InlinePtr #cards 5 size 8 Array Of Cards #cards 12 size 40 Howl #buckets 4 coarsen threshold 1843 Howl Bitmap #cards 512 size 80 coarsen threshold 460 Card regions per heap region 1 cards per card region 2048
 CPUs: 12 total, 12 available
 Memory: 7514M
 Large Page Support: Disabled
 NUMA Support: Disabled
 Compressed Oops: Enabled (32-bit)
 Heap Region Size: 1M
 Heap Min Capacity: 8M
 Heap Initial Capacity: 118M
 Heap Max Capacity: 1880M
 Pre-touch: Disabled
 Parallel Workers: 10
 Concurrent Workers: 3
 Concurrent Refinement Workers: 10
 Periodic GC: Disabled
Heap:
 garbage-first heap   total reserved 1925120K, committed 58368K, used 33878K [0x000000008a800000, 0x0000000100000000)
  region size 1024K, 3 young (3072K), 2 survivors (2048K)
 Metaspace       used 72983K, committed 73728K, reserved 1114112K
  class space    used 10356K, committed 10688K, reserved 1048576K
GC Heap History (20 events):
Event: 7.115 GC heap before
{Heap before GC invocations=10 (full 0):
 garbage-first heap   total reserved 1925120K, committed 57344K, used 48353K [0x000000008a800000, 0x0000000100000000)
  region size 1024K, 28 young (28672K), 2 survivors (2048K)
 Metaspace       used 47867K, committed 48512K, reserved 1114112K
  class space    used 6411K, committed 6656K, reserved 1048576K
}
Event: 7.119 GC heap after
{Heap after GC invocations=11 (full 0):
 garbage-first heap   total reserved 1925120K, committed 57344K, used 24032K [0x000000008a800000, 0x0000000100000000)
  region size 1024K, 4 young (4096K), 4 survivors (4096K)
 Metaspace       used 47867K, committed 48512K, reserved 1114112K
  class space    used 6411K, committed 6656K, reserved 1048576K
}
Event: 7.778 GC heap before
{Heap before GC invocations=11 (full 0):
 garbage-first heap   total reserved 1925120K, committed 57344K, used 47584K [0x000000008a800000, 0x0000000100000000)
  region size 1024K, 28 young (28672K), 4 survivors (4096K)
 Metaspace       used 53861K, committed 54528K, reserved 1114112K
  class space    used 7244K, committed 7552K, reserved 1048576K
}
Event: 7.781 GC heap after
{Heap after GC invocations=12 (full 0):
 garbage-first heap   total reserved 1925120K, committed 57344K, used 25156K [0x000000008a800000, 0x0000000100000000)
  region size 1024K, 3 young (3072K), 3 survivors (3072K)
 Metaspace       used 53861K, committed 54528K, reserved 1114112K
  class space    used 7244K, committed 7552K, reserved 1048576K
}
Event: 8.396 GC heap before
{Heap before GC invocations=12 (full 0):
 garbage-first heap   total reserved 1925120K, committed 57344K, used 48708K [0x000000008a800000, 0x0000000100000000)
  region size 1024K, 27 young (27648K), 3 survivors (3072K)
 Metaspace       used 58970K, committed 59648K, reserved 1114112K
  class space    used 8146K, committed 8448K, reserved 1048576K
}
Event: 8.400 GC heap after
{Heap after GC invocations=13 (full 0):
 garbage-first heap   total reserved 1925120K, committed 57344K, used 26130K [0x000000008a800000, 0x0000000100000000)
  region size 1024K, 2 young (2048K), 2 survivors (2048K)
 Metaspace       used 58970K, committed 59648K, reserved 1114112K
  class space    used 8146K, committed 8448K, reserved 1048576K
}
Event: 8.497 GC heap before
{Heap before GC invocations=13 (full 0):
 garbage-first heap   total reserved 1925120K, committed 57344K, used 27154K [0x000000008a800000, 0x0000000100000000)
  region size 1024K, 4 young (4096K), 2 survivors (2048K)
 Metaspace       used 59460K, committed 60096K, reserved 1114112K
  class space    used 8193K, committed 8448K, reserved 1048576K
}
Event: 8.500 GC heap after
{Heap after GC invocations=14 (full 0):
 garbage-first heap   total reserved 1925120K, committed 57344K, used 26171K [0x000000008a800000, 0x0000000100000000)
  region size 1024K, 3 young (3072K), 3 survivors (3072K)
 Metaspace       used 59460K, committed 60096K, reserved 1114112K
  class space    used 8193K, committed 8448K, reserved 1048576K
}
Event: 9.122 GC heap before
{Heap before GC invocations=15 (full 0):
 garbage-first heap   total reserved 1925120K, committed 57344K, used 47675K [0x000000008a800000, 0x0000000100000000)
  region size 1024K, 25 young (25600K), 3 survivors (3072K)
 Metaspace       used 63211K, committed 63872K, reserved 1114112K
  class space    used 8816K, committed 9088K, reserved 1048576K
}
Event: 9.125 GC heap after
{Heap after GC invocations=16 (full 0):
 garbage-first heap   total reserved 1925120K, committed 57344K, used 27845K [0x000000008a800000, 0x0000000100000000)
  region size 1024K, 4 young (4096K), 4 survivors (4096K)
 Metaspace       used 63211K, committed 63872K, reserved 1114112K
  class space    used 8816K, committed 9088K, reserved 1048576K
}
Event: 9.329 GC heap before
{Heap before GC invocations=16 (full 0):
 garbage-first heap   total reserved 1925120K, committed 57344K, used 48325K [0x000000008a800000, 0x0000000100000000)
  region size 1024K, 24 young (24576K), 4 survivors (4096K)
 Metaspace       used 64120K, committed 64768K, reserved 1114112K
  class space    used 8967K, committed 9216K, reserved 1048576K
}
Event: 9.333 GC heap after
{Heap after GC invocations=17 (full 0):
 garbage-first heap   total reserved 1925120K, committed 57344K, used 28835K [0x000000008a800000, 0x0000000100000000)
  region size 1024K, 2 young (2048K), 2 survivors (2048K)
 Metaspace       used 64120K, committed 64768K, reserved 1114112K
  class space    used 8967K, committed 9216K, reserved 1048576K
}
Event: 9.585 GC heap before
{Heap before GC invocations=17 (full 0):
 garbage-first heap   total reserved 1925120K, committed 57344K, used 49315K [0x000000008a800000, 0x0000000100000000)
  region size 1024K, 23 young (23552K), 2 survivors (2048K)
 Metaspace       used 65874K, committed 66496K, reserved 1114112K
  class space    used 9340K, committed 9600K, reserved 1048576K
}
Event: 9.588 GC heap after
{Heap after GC invocations=18 (full 0):
 garbage-first heap   total reserved 1925120K, committed 57344K, used 29731K [0x000000008a800000, 0x0000000100000000)
  region size 1024K, 3 young (3072K), 3 survivors (3072K)
 Metaspace       used 65874K, committed 66496K, reserved 1114112K
  class space    used 9340K, committed 9600K, reserved 1048576K
}
Event: 10.000 GC heap before
{Heap before GC invocations=19 (full 0):
 garbage-first heap   total reserved 1925120K, committed 57344K, used 48163K [0x000000008a800000, 0x0000000100000000)
  region size 1024K, 22 young (22528K), 3 survivors (3072K)
 Metaspace       used 68178K, committed 68800K, reserved 1114112K
  class space    used 9655K, committed 9920K, reserved 1048576K
}
Event: 10.002 GC heap after
{Heap after GC invocations=20 (full 0):
 garbage-first heap   total reserved 1925120K, committed 57344K, used 30473K [0x000000008a800000, 0x0000000100000000)
  region size 1024K, 2 young (2048K), 2 survivors (2048K)
 Metaspace       used 68178K, committed 68800K, reserved 1114112K
  class space    used 9655K, committed 9920K, reserved 1048576K
}
Event: 10.634 GC heap before
{Heap before GC invocations=20 (full 0):
 garbage-first heap   total reserved 1925120K, committed 57344K, used 50953K [0x000000008a800000, 0x0000000100000000)
  region size 1024K, 22 young (22528K), 2 survivors (2048K)
 Metaspace       used 70824K, committed 71488K, reserved 1114112K
  class space    used 10041K, committed 10304K, reserved 1048576K
}
Event: 10.638 GC heap after
{Heap after GC invocations=21 (full 0):
 garbage-first heap   total reserved 1925120K, committed 57344K, used 32202K [0x000000008a800000, 0x0000000100000000)
  region size 1024K, 3 young (3072K), 3 survivors (3072K)
 Metaspace       used 70824K, committed 71488K, reserved 1114112K
  class space    used 10041K, committed 10304K, reserved 1048576K
}
Event: 11.210 GC heap before
{Heap before GC invocations=21 (full 0):
 garbage-first heap   total reserved 1925120K, committed 57344K, used 49610K [0x000000008a800000, 0x0000000100000000)
  region size 1024K, 20 young (20480K), 3 survivors (3072K)
 Metaspace       used 72911K, committed 73664K, reserved 1114112K
  class space    used 10340K, committed 10688K, reserved 1048576K
}
Event: 11.215 GC heap after
{Heap after GC invocations=22 (full 0):
 garbage-first heap   total reserved 1925120K, committed 57344K, used 33878K [0x000000008a800000, 0x0000000100000000)
  region size 1024K, 2 young (2048K), 2 survivors (2048K)
 Metaspace       used 72911K, committed 73664K, reserved 1114112K
  class space    used 10340K, committed 10688K, reserved 1048576K
}

